2026-07-10 16:04:51  === full refresh started ===
2026-07-10 16:04:51  cleared 8 cached WindNinja outputs
2026-07-10 16:04:51  --- ERA5 30-yr pull: 03_fetch_era5.py --all
2026-07-10 21:19:25  === full refresh started ===
2026-07-10 21:19:25  cleared 0 cached WindNinja outputs
2026-07-10 21:19:25  --- ERA5 30-yr pull: 03_fetch_era5.py --all
2026-07-11 10:23:42  === full refresh started ===
2026-07-11 10:23:42  cleared 0 cached WindNinja outputs
2026-07-11 10:23:42  --- ERA5 30-yr pull: 03_fetch_era5.py --all
  1991: complete (monthly), skipping
  1992: complete (monthly), skipping
  1993: complete (monthly), skipping
  1994: complete (monthly), skipping
  1995: complete (monthly), skipping
  1996: complete (monthly), skipping
  1997: complete (monthly), skipping
  1998: complete (monthly), skipping
  1999: complete (monthly), skipping
  2000: complete (monthly), skipping
  2001: complete (monthly), skipping
  2002: complete (monthly), skipping
  2003: complete (monthly), skipping
  2004-11: 0.21 MB in 4548 s
  2004-12: 0.21 MB in 1853 s
  2005: complete (monthly), skipping
  2006 fg10: 0.80 MB in 39.1 min
  2006 u10: 0.80 MB in 14.7 min
  2006 v10: 0.80 MB in 57.3 min
  2007 fg10: 0.80 MB in 53.3 min
  2007 u10: 0.80 MB in 37.1 min
  2007 v10: 0.80 MB in 43.1 min
  2008 fg10: 0.80 MB in 35.1 min
  2008 u10: 0.80 MB in 22.9 min
  2008 v10: 0.80 MB in 18.8 min
  2009 fg10: 0.80 MB in 18.8 min
  2009 u10: 0.80 MB in 14.8 min
  2009 v10: 0.80 MB in 14.8 min
  2010 fg10: 0.80 MB in 18.7 min
  2010 u10: 0.80 MB in 14.7 min
  2010 v10: 0.80 MB in 14.7 min
  2011 fg10: 0.80 MB in 20.8 min
  2011 u10: 0.80 MB in 16.7 min
  2011 v10: 0.80 MB in 12.6 min
  2012 fg10: 0.80 MB in 16.7 min
  2012 u10: 0.80 MB in 24.9 min
  2012 v10: 0.80 MB in 31.0 min
  2013 fg10: 0.80 MB in 33.0 min
  2013 u10: 0.80 MB in 24.9 min
  2013 v10: 0.80 MB in 20.8 min
  2014 fg10: 0.80 MB in 22.9 min
  2014 u10: 0.80 MB in 12.7 min
  2014 v10: 0.80 MB in 12.7 min
  2015 fg10: 0.80 MB in 14.7 min
  2015 u10: 0.80 MB in 14.7 min
  2015 v10: 0.80 MB in 12.7 min
  2016 fg10: 0.80 MB in 14.8 min
  2016 u10: 0.80 MB in 14.7 min
  2016 v10: 0.80 MB in 14.7 min
  2017 fg10: 0.80 MB in 16.7 min
  2017 u10: 0.80 MB in 12.7 min
  2017 v10: 0.80 MB in 10.6 min
  2018 fg10: 0.80 MB in 16.7 min
  2018 u10: 0.80 MB in 14.7 min
  2018 v10: 0.80 MB in 10.7 min
  2019 fg10: 0.80 MB in 16.7 min
  2019 u10: 0.80 MB in 14.8 min
  2019 v10: 0.80 MB in 22.8 min
  2020 fg10: 0.80 MB in 28.9 min
  2020 u10: 0.80 MB in 31.0 min
  2020 v10: 0.80 MB in 32.9 min
done: 30 year(s), 1089.5 min total

--- stderr ---
<?, ?B/s]
b8b96dd95a0095de2f3d3dd9d382fb02.nc: 100%|##########| 780k/780k [00:04<00:00, 177kB/s]
                                                                                      
2026-07-12 02:06:17,068 INFO Request ID is a051cdf0-2291-4c78-a685-13e3566f523c
2026-07-12 02:06:17,428 INFO status has been updated to accepted
2026-07-12 02:08:15,544 WARNING Download format not supported for this dataset. Defaulting to as_source.
2026-07-12 02:08:15,544 INFO status has been updated to running
2026-07-12 02:22:52,614 INFO status has been updated to successful

6f993aa654fd981e2065a5edeeb970db.nc:   0%|          | 0.00/778k [00:00<?, ?B/s]
6f993aa654fd981e2065a5edeeb970db.nc: 100%|##########| 778k/778k [00:03<00:00, 249kB/s]
                                                                                      
2026-07-12 02:22:59,104 INFO Request ID is 16b5eec8-b4f8-4b0e-8880-2d803265373f
2026-07-12 02:22:59,856 INFO status has been updated to accepted
2026-07-12 02:25:59,088 WARNING Download format not supported for this dataset. Defaulting to as_source.
2026-07-12 02:25:59,088 INFO status has been updated to running
2026-07-12 02:37:35,421 INFO status has been updated to successful

42b213ff28cfba9bd7ed4d3cb16b4b59.nc:   0%|          | 0.00/782k [00:00<?, ?B/s]
42b213ff28cfba9bd7ed4d3cb16b4b59.nc: 100%|##########| 782k/782k [00:03<00:00, 226kB/s]
                                                                                      
2026-07-12 02:37:44,667 INFO Request ID is 94afa2a2-d5d9-4938-976d-13ccd38c7eaa
2026-07-12 02:37:45,013 INFO status has been updated to accepted
2026-07-12 02:50:16,062 WARNING Download format not supported for this dataset. Defaulting to as_source.
2026-07-12 02:50:16,062 INFO status has been updated to running
2026-07-12 03:00:24,331 INFO status has been updated to successful

23ae10b9c16384657f5db5abcf7f4c40.nc:   0%|          | 0.00/782k [00:00<?, ?B/s]
23ae10b9c16384657f5db5abcf7f4c40.nc: 100%|##########| 782k/782k [00:03<00:00, 256kB/s]
                                                                                      
2026-07-12 03:00:30,695 INFO Request ID is cdc2c296-a9f7-48f0-96f6-5ad706b436aa
2026-07-12 03:00:31,083 INFO status has been updated to accepted
2026-07-12 03:15:04,989 WARNING Download format not supported for this dataset. Defaulting to as_source.
2026-07-12 03:15:04,989 INFO status has been updated to running
2026-07-12 03:29:16,052 INFO status has been updated to successful

bbc7503a7e6e7b820f10237857598d37.nc:   0%|          | 0.00/778k [00:00<?, ?B/s]
bbc7503a7e6e7b820f10237857598d37.nc: 100%|##########| 778k/778k [00:02<00:00, 270kB/s]
                                                                                      
2026-07-12 03:29:23,757 INFO Request ID is d98b9cb8-42a3-4c6e-a98d-df7717a8e786
2026-07-12 03:29:24,112 INFO status has been updated to accepted
2026-07-12 03:48:01,554 WARNING Download format not supported for this dataset. Defaulting to as_source.
2026-07-12 03:48:01,554 INFO status has been updated to running
2026-07-12 04:00:12,500 INFO status has been updated to successful

cdb9f8c74e71a9cf329ecde9c2a206f0.nc:   0%|          | 0.00/783k [00:00<?, ?B/s]
cdb9f8c74e71a9cf329ecde9c2a206f0.nc: 100%|##########| 783k/783k [00:04<00:00, 182kB/s]
                                                                                      
2026-07-12 04:00:20,108 INFO Request ID is 91ea32e4-3289-4dd6-a1ee-11f0f098986d
2026-07-12 04:00:20,545 INFO status has been updated to accepted
2026-07-12 04:23:00,184 WARNING Download format not supported for this dataset. Defaulting to as_source.
2026-07-12 04:23:00,184 INFO status has been updated to running
2026-07-12 04:33:08,248 INFO status has been updated to successful

979cc9459f016c635293abbe5bafab50.nc:   0%|          | 0.00/782k [00:00<?, ?B/s]
979cc9459f016c635293abbe5bafab50.nc: 100%|##########| 782k/782k [00:03<00:00, 253kB/s]
                                                                                      

2026-07-12 04:33:13      ok (1089.5 min)
2026-07-12 04:33:13  --- climatology: 04_era5_climatology.py

--- stderr ---
C:\Users\Jamie\sandbox-fable\Dunedin-Wind\scripts\04_era5_climatology.py:82: FutureWarning: In a future version of xarray the default value for join will change from join='outer' to join='exact'. This change will result in the following ValueError: cannot be aligned with join='exact' because index/labels/sizes are not equal along these coordinates (dimensions): 'valid_time' ('valid_time',) The recommendation is to set join explicitly for this case.
  ds = xr.combine_by_coords(parts, combine_attrs="drop_conflicts")
C:\Users\Jamie\sandbox-fable\Dunedin-Wind\scripts\04_era5_climatology.py:82: FutureWarning: In a future version of xarray the default value for compat will change from compat='no_conflicts' to compat='override'. This is likely to lead to different results when combining overlapping variables with the same name. To opt in to new defaults and get rid of these warnings now use `set_options(use_new_combine_kwarg_defaults=True) or set compat explicitly.
  ds = xr.combine_by_coords(parts, combine_attrs="drop_conflicts")
C:\Users\Jamie\sandbox-fable\Dunedin-Wind\scripts\04_era5_climatology.py:82: FutureWarning: In a future version of xarray the default value for compat will change from compat='no_conflicts' to compat='override'. This is likely to lead to different results when combining overlapping variables with the same name. To opt in to new defaults and get rid of these warnings now use `set_options(use_new_combine_kwarg_defaults=True) or set compat explicitly.
  ds = xr.combine_by_coords(parts, combine_attrs="drop_conflicts")

2026-07-12 04:33:21  FAILED at 'climatology' (exit 3228369023) after 0.1 min — rerun this script to resume
